# JRE version: OpenJDK Runtime Environment (16.0.1+9) (build 16.0.1+9-24)
# Java VM: OpenJDK 64-Bit Server VM (16.0.1+9-24, mixed mode, tiered, compressed oops, compressed class ptrs, g1 gc, windows-amd64)
GC Precious Log:
 CPUs: 4 total, 4 available
 Memory: 8105M
 Large Page Support: Disabled
 NUMA Support: Disabled
 Compressed Oops: Enabled (32-bit)
 Heap Region Size: 1M
 Heap Min Capacity: 8M
 Heap Initial Capacity: 128M
 Heap Max Capacity: 2028M
 Pre-touch: Disabled
 Parallel Workers: 4
 Concurrent Workers: 1
 Concurrent Refinement Workers: 4
 Periodic GC: Disabled
Heap:
 garbage-first heap   total 131072K, used 20817K [0x0000000081400000, 0x0000000100000000)
  region size 1024K, 2 young (2048K), 2 survivors (2048K)
 Metaspace       used 36838K, committed 37248K, reserved 1089536K
  class space    used 4673K, committed 4864K, reserved 1048576K
GC Heap History (20 events):
Event: 1.511 GC heap after
{Heap after GC invocations=4 (full 0):
 garbage-first heap   total 131072K, used 11409K [0x0000000081400000, 0x0000000100000000)
  region size 1024K, 4 young (4096K), 4 survivors (4096K)
 Metaspace       used 20976K, committed 21248K, reserved 1073152K
  class space    used 2421K, committed 2560K, reserved 1048576K
}
Event: 2.077 GC heap before
{Heap before GC invocations=5 (full 0):
 garbage-first heap   total 45056K, used 43153K [0x0000000081400000, 0x0000000100000000)
  region size 1024K, 36 young (36864K), 4 survivors (4096K)
 Metaspace       used 26485K, committed 26816K, reserved 1073152K
  class space    used 3134K, committed 3264K, reserved 1048576K
}
Event: 2.083 GC heap after
{Heap after GC invocations=6 (full 0):
 garbage-first heap   total 50176K, used 13312K [0x0000000081400000, 0x0000000100000000)
  region size 1024K, 5 young (5120K), 5 survivors (5120K)
 Metaspace       used 26485K, committed 26816K, reserved 1073152K
  class space    used 3134K, committed 3264K, reserved 1048576K
}
Event: 2.288 GC heap before
{Heap before GC invocations=6 (full 0):
 garbage-first heap   total 50176K, used 33792K [0x0000000081400000, 0x0000000100000000)
  region size 1024K, 26 young (26624K), 5 survivors (5120K)
 Metaspace       used 26674K, committed 27008K, reserved 1081344K
  class space    used 3166K, committed 3328K, reserved 1048576K
}
Event: 2.294 GC heap after
{Heap after GC invocations=7 (full 0):
 garbage-first heap   total 50176K, used 14340K [0x0000000081400000, 0x0000000100000000)
  region size 1024K, 3 young (3072K), 3 survivors (3072K)
 Metaspace       used 26674K, committed 27008K, reserved 1081344K
  class space    used 3166K, committed 3328K, reserved 1048576K
}
Event: 2.297 GC heap before
{Heap before GC invocations=7 (full 0):
 garbage-first heap   total 50176K, used 34820K [0x0000000081400000, 0x0000000100000000)
  region size 1024K, 24 young (24576K), 3 survivors (3072K)
 Metaspace       used 26674K, committed 27008K, reserved 1081344K
  class space    used 3166K, committed 3328K, reserved 1048576K
}
Event: 2.300 GC heap after
{Heap after GC invocations=8 (full 0):
 garbage-first heap   total 60416K, used 14412K [0x0000000081400000, 0x0000000100000000)
  region size 1024K, 2 young (2048K), 2 survivors (2048K)
 Metaspace       used 26674K, committed 27008K, reserved 1081344K
  class space    used 3166K, committed 3328K, reserved 1048576K
}
Event: 2.652 GC heap before
{Heap before GC invocations=8 (full 0):
 garbage-first heap   total 60416K, used 45132K [0x0000000081400000, 0x0000000100000000)
  region size 1024K, 33 young (33792K), 2 survivors (2048K)
 Metaspace       used 28314K, committed 28608K, reserved 1081344K
  class space    used 3405K, committed 3520K, reserved 1048576K
}
Event: 2.655 GC heap after
{Heap after GC invocations=9 (full 0):
 garbage-first heap   total 60416K, used 15574K [0x0000000081400000, 0x0000000100000000)
  region size 1024K, 3 young (3072K), 3 survivors (3072K)
 Metaspace       used 28314K, committed 28608K, reserved 1081344K
  class space    used 3405K, committed 3520K, reserved 1048576K
}
Event: 3.330 GC heap before
{Heap before GC invocations=9 (full 0):
 garbage-first heap   total 60416K, used 46294K [0x0000000081400000, 0x0000000100000000)
  region size 1024K, 33 young (33792K), 3 survivors (3072K)
 Metaspace       used 32052K, committed 32448K, reserved 1081344K
  class space    used 3967K, committed 4160K, reserved 1048576K
}
Event: 3.335 GC heap after
{Heap after GC invocations=10 (full 0):
 garbage-first heap   total 60416K, used 17329K [0x0000000081400000, 0x0000000100000000)
  region size 1024K, 4 young (4096K), 4 survivors (4096K)
 Metaspace       used 32052K, committed 32448K, reserved 1081344K
  class space    used 3967K, committed 4160K, reserved 1048576K
}
Event: 3.719 GC heap before
{Heap before GC invocations=10 (full 0):
 garbage-first heap   total 60416K, used 37809K [0x0000000081400000, 0x0000000100000000)
  region size 1024K, 26 young (26624K), 4 survivors (4096K)
 Metaspace       used 35380K, committed 35776K, reserved 1081344K
  class space    used 4466K, committed 4672K, reserved 1048576K
}
Event: 3.726 GC heap after
{Heap after GC invocations=11 (full 0):
 garbage-first heap   total 60416K, used 19778K [0x0000000081400000, 0x0000000100000000)
  region size 1024K, 5 young (5120K), 5 survivors (5120K)
 Metaspace       used 35380K, committed 35776K, reserved 1081344K
  class space    used 4466K, committed 4672K, reserved 1048576K
}
Event: 3.771 GC heap before
{Heap before GC invocations=12 (full 0):
 garbage-first heap   total 60416K, used 44354K [0x0000000081400000, 0x0000000100000000)
  region size 1024K, 30 young (30720K), 5 survivors (5120K)
 Metaspace       used 35620K, committed 36032K, reserved 1081344K
  class space    used 4490K, committed 4672K, reserved 1048576K
}
Event: 3.777 GC heap after
{Heap after GC invocations=13 (full 0):
 garbage-first heap   total 60416K, used 20483K [0x0000000081400000, 0x0000000100000000)
  region size 1024K, 1 young (1024K), 1 survivors (1024K)
 Metaspace       used 35620K, committed 36032K, reserved 1081344K
  class space    used 4490K, committed 4672K, reserved 1048576K
}
Event: 3.874 GC heap before
{Heap before GC invocations=13 (full 0):
 garbage-first heap   total 60416K, used 46083K [0x0000000081400000, 0x0000000100000000)
  region size 1024K, 27 young (27648K), 1 survivors (1024K)
 Metaspace       used 36026K, committed 36480K, reserved 1081344K
  class space    used 4531K, committed 4736K, reserved 1048576K
}
Event: 3.876 GC heap after
{Heap after GC invocations=14 (full 0):
 garbage-first heap   total 60416K, used 20223K [0x0000000081400000, 0x0000000100000000)
  region size 1024K, 1 young (1024K), 1 survivors (1024K)
 Metaspace       used 36026K, committed 36480K, reserved 1081344K
  class space    used 4531K, committed 4736K, reserved 1048576K
}
Event: 3.879 GC heap before
{Heap before GC invocations=14 (full 0):
 garbage-first heap   total 60416K, used 46847K [0x0000000081400000, 0x0000000100000000)
  region size 1024K, 28 young (28672K), 1 survivors (1024K)
 Metaspace       used 36026K, committed 36480K, reserved 1081344K
  class space    used 4531K, committed 4736K, reserved 1048576K
}
Event: 3.879 GC heap after
{Heap after GC invocations=15 (full 0):
 garbage-first heap   total 60416K, used 20257K [0x0000000081400000, 0x0000000100000000)
  region size 1024K, 1 young (1024K), 1 survivors (1024K)
 Metaspace       used 36026K, committed 36480K, reserved 1081344K
  class space    used 4531K, committed 4736K, reserved 1048576K
}
Event: 4.123 GC heap before
{Heap before GC invocations=15 (full 0):
 garbage-first heap   total 60416K, used 47905K [0x0000000081400000, 0x0000000100000000)
  region size 1024K, 29 young (29696K), 1 survivors (1024K)
 Metaspace       used 36838K, committed 37248K, reserved 1089536K
  class space    used 4673K, committed 4864K, reserved 1048576K
}

