# JRE version: OpenJDK Runtime Environment (16.0.1+9) (build 16.0.1+9-24)
# Java VM: OpenJDK 64-Bit Server VM (16.0.1+9-24, mixed mode, tiered, compressed oops, compressed class ptrs, g1 gc, windows-amd64)
GC Precious Log:
 CPUs: 4 total, 4 available
 Memory: 8105M
 Large Page Support: Disabled
 NUMA Support: Disabled
 Compressed Oops: Enabled (32-bit)
 Heap Region Size: 1M
 Heap Min Capacity: 8M
 Heap Initial Capacity: 128M
 Heap Max Capacity: 2028M
 Pre-touch: Disabled
 Parallel Workers: 4
 Concurrent Workers: 1
 Concurrent Refinement Workers: 4
 Periodic GC: Disabled
Heap:
 garbage-first heap   total 78848K, used 21360K [0x0000000081400000, 0x0000000100000000)
  region size 1024K, 3 young (3072K), 3 survivors (3072K)
 Metaspace       used 39832K, committed 40192K, reserved 1089536K
  class space    used 5103K, committed 5248K, reserved 1048576K
GC Heap History (20 events):
Event: 1.937 GC heap after
{Heap after GC invocations=4 (full 0):
 garbage-first heap   total 131072K, used 11416K [0x0000000081400000, 0x0000000100000000)
  region size 1024K, 4 young (4096K), 4 survivors (4096K)
 Metaspace       used 20957K, committed 21248K, reserved 1073152K
  class space    used 2421K, committed 2560K, reserved 1048576K
}
Event: 2.529 GC heap before
{Heap before GC invocations=5 (full 0):
 garbage-first heap   total 48128K, used 46232K [0x0000000081400000, 0x0000000100000000)
  region size 1024K, 39 young (39936K), 4 survivors (4096K)
 Metaspace       used 26338K, committed 26624K, reserved 1073152K
  class space    used 3125K, committed 3264K, reserved 1048576K
}
Event: 2.536 GC heap after
{Heap after GC invocations=6 (full 0):
 garbage-first heap   total 53248K, used 13235K [0x0000000081400000, 0x0000000100000000)
  region size 1024K, 5 young (5120K), 5 survivors (5120K)
 Metaspace       used 26338K, committed 26624K, reserved 1073152K
  class space    used 3125K, committed 3264K, reserved 1048576K
}
Event: 2.703 GC heap before
{Heap before GC invocations=6 (full 0):
 garbage-first heap   total 53248K, used 35763K [0x0000000081400000, 0x0000000100000000)
  region size 1024K, 28 young (28672K), 5 survivors (5120K)
 Metaspace       used 26522K, committed 26880K, reserved 1073152K
  class space    used 3156K, committed 3328K, reserved 1048576K
}
Event: 2.709 GC heap after
{Heap after GC invocations=7 (full 0):
 garbage-first heap   total 53248K, used 13871K [0x0000000081400000, 0x0000000100000000)
  region size 1024K, 3 young (3072K), 3 survivors (3072K)
 Metaspace       used 26522K, committed 26880K, reserved 1073152K
  class space    used 3156K, committed 3328K, reserved 1048576K
}
Event: 2.713 GC heap before
{Heap before GC invocations=7 (full 0):
 garbage-first heap   total 53248K, used 35375K [0x0000000081400000, 0x0000000100000000)
  region size 1024K, 25 young (25600K), 3 survivors (3072K)
 Metaspace       used 26522K, committed 26880K, reserved 1073152K
  class space    used 3156K, committed 3328K, reserved 1048576K
}
Event: 2.716 GC heap after
{Heap after GC invocations=8 (full 0):
 garbage-first heap   total 64512K, used 14218K [0x0000000081400000, 0x0000000100000000)
  region size 1024K, 2 young (2048K), 2 survivors (2048K)
 Metaspace       used 26522K, committed 26880K, reserved 1073152K
  class space    used 3156K, committed 3328K, reserved 1048576K
}
Event: 3.373 GC heap before
{Heap before GC invocations=8 (full 0):
 garbage-first heap   total 64512K, used 48010K [0x0000000081400000, 0x0000000100000000)
  region size 1024K, 36 young (36864K), 2 survivors (2048K)
 Metaspace       used 29404K, committed 29696K, reserved 1081344K
  class space    used 3577K, committed 3712K, reserved 1048576K
}
Event: 3.377 GC heap after
{Heap after GC invocations=9 (full 0):
 garbage-first heap   total 64512K, used 15773K [0x0000000081400000, 0x0000000100000000)
  region size 1024K, 3 young (3072K), 3 survivors (3072K)
 Metaspace       used 29404K, committed 29696K, reserved 1081344K
  class space    used 3577K, committed 3712K, reserved 1048576K
}
Event: 4.296 GC heap before
{Heap before GC invocations=9 (full 0):
 garbage-first heap   total 64512K, used 49565K [0x0000000081400000, 0x0000000100000000)
  region size 1024K, 36 young (36864K), 3 survivors (3072K)
 Metaspace       used 33787K, committed 34176K, reserved 1081344K
  class space    used 4271K, committed 4480K, reserved 1048576K
}
Event: 4.302 GC heap after
{Heap after GC invocations=10 (full 0):
 garbage-first heap   total 64512K, used 18736K [0x0000000081400000, 0x0000000100000000)
  region size 1024K, 5 young (5120K), 5 survivors (5120K)
 Metaspace       used 33787K, committed 34176K, reserved 1081344K
  class space    used 4271K, committed 4480K, reserved 1048576K
}
Event: 4.514 GC heap before
{Heap before GC invocations=10 (full 0):
 garbage-first heap   total 64512K, used 27952K [0x0000000081400000, 0x0000000100000000)
  region size 1024K, 15 young (15360K), 5 survivors (5120K)
 Metaspace       used 35442K, committed 35776K, reserved 1081344K
  class space    used 4474K, committed 4672K, reserved 1048576K
}
Event: 4.520 GC heap after
{Heap after GC invocations=11 (full 0):
 garbage-first heap   total 64512K, used 19700K [0x0000000081400000, 0x0000000100000000)
  region size 1024K, 2 young (2048K), 2 survivors (2048K)
 Metaspace       used 35442K, committed 35776K, reserved 1081344K
  class space    used 4474K, committed 4672K, reserved 1048576K
}
Event: 4.534 GC heap before
{Heap before GC invocations=11 (full 0):
 garbage-first heap   total 64512K, used 47348K [0x0000000081400000, 0x0000000100000000)
  region size 1024K, 30 young (30720K), 2 survivors (2048K)
 Metaspace       used 35479K, committed 35904K, reserved 1081344K
  class space    used 4479K, committed 4672K, reserved 1048576K
}
Event: 4.537 GC heap after
{Heap after GC invocations=12 (full 0):
 garbage-first heap   total 64512K, used 19582K [0x0000000081400000, 0x0000000100000000)
  region size 1024K, 2 young (2048K), 2 survivors (2048K)
 Metaspace       used 35479K, committed 35904K, reserved 1081344K
  class space    used 4479K, committed 4672K, reserved 1048576K
}
Event: 4.619 GC heap before
{Heap before GC invocations=13 (full 0):
 garbage-first heap   total 64512K, used 48254K [0x0000000081400000, 0x0000000100000000)
  region size 1024K, 31 young (31744K), 2 survivors (2048K)
 Metaspace       used 36007K, committed 36288K, reserved 1081344K
  class space    used 4529K, committed 4672K, reserved 1048576K
}
Event: 4.621 GC heap after
{Heap after GC invocations=14 (full 0):
 garbage-first heap   total 64512K, used 20128K [0x0000000081400000, 0x0000000100000000)
  region size 1024K, 2 young (2048K), 2 survivors (2048K)
 Metaspace       used 36007K, committed 36288K, reserved 1081344K
  class space    used 4529K, committed 4672K, reserved 1048576K
}
Event: 4.635 GC heap before
{Heap before GC invocations=14 (full 0):
 garbage-first heap   total 64512K, used 49824K [0x0000000081400000, 0x0000000100000000)
  region size 1024K, 32 young (32768K), 2 survivors (2048K)
 Metaspace       used 36007K, committed 36288K, reserved 1081344K
  class space    used 4529K, committed 4672K, reserved 1048576K
}
Event: 4.637 GC heap after
{Heap after GC invocations=15 (full 0):
 garbage-first heap   total 64512K, used 19977K [0x0000000081400000, 0x0000000100000000)
  region size 1024K, 2 young (2048K), 2 survivors (2048K)
 Metaspace       used 36007K, committed 36288K, reserved 1081344K
  class space    used 4529K, committed 4672K, reserved 1048576K
}
Event: 5.275 GC heap before
{Heap before GC invocations=15 (full 0):
 garbage-first heap   total 64512K, used 51721K [0x0000000081400000, 0x0000000100000000)
  region size 1024K, 33 young (33792K), 2 survivors (2048K)
 Metaspace       used 39832K, committed 40192K, reserved 1089536K
  class space    used 5103K, committed 5248K, reserved 1048576K
}

