# JRE version: OpenJDK Runtime Environment (16.0.1+9) (build 16.0.1+9-24)
# Java VM: OpenJDK 64-Bit Server VM (16.0.1+9-24, mixed mode, tiered, compressed oops, compressed class ptrs, g1 gc, windows-amd64)
GC Precious Log:
 CPUs: 4 total, 4 available
 Memory: 8105M
 Large Page Support: Disabled
 NUMA Support: Disabled
 Compressed Oops: Enabled (32-bit)
 Heap Region Size: 1M
 Heap Min Capacity: 8M
 Heap Initial Capacity: 128M
 Heap Max Capacity: 2028M
 Pre-touch: Disabled
 Parallel Workers: 4
 Concurrent Workers: 1
 Concurrent Refinement Workers: 4
 Periodic GC: Disabled
Heap:
 garbage-first heap   total 177152K, used 47958K [0x0000000081400000, 0x0000000100000000)
  region size 1024K, 29 young (29696K), 2 survivors (2048K)
 Metaspace       used 45406K, committed 45824K, reserved 1089536K
  class space    used 5922K, committed 6144K, reserved 1048576K
GC Heap History (20 events):
Event: 2.139 GC heap before
{Heap before GC invocations=5 (full 0):
 garbage-first heap   total 48128K, used 47497K [0x0000000081400000, 0x0000000100000000)
  region size 1024K, 37 young (37888K), 2 survivors (2048K)
 Metaspace       used 26491K, committed 26816K, reserved 1073152K
  class space    used 3134K, committed 3264K, reserved 1048576K
}
Event: 2.144 GC heap after
{Heap after GC invocations=6 (full 0):
 garbage-first heap   total 52224K, used 13350K [0x0000000081400000, 0x0000000100000000)
  region size 1024K, 4 young (4096K), 4 survivors (4096K)
 Metaspace       used 26491K, committed 26816K, reserved 1073152K
  class space    used 3134K, committed 3264K, reserved 1048576K
}
Event: 2.285 GC heap before
{Heap before GC invocations=6 (full 0):
 garbage-first heap   total 52224K, used 33830K [0x0000000081400000, 0x0000000100000000)
  region size 1024K, 25 young (25600K), 4 survivors (4096K)
 Metaspace       used 26653K, committed 27008K, reserved 1073152K
  class space    used 3161K, committed 3328K, reserved 1048576K
}
Event: 2.290 GC heap after
{Heap after GC invocations=7 (full 0):
 garbage-first heap   total 52224K, used 14279K [0x0000000081400000, 0x0000000100000000)
  region size 1024K, 3 young (3072K), 3 survivors (3072K)
 Metaspace       used 26653K, committed 27008K, reserved 1073152K
  class space    used 3161K, committed 3328K, reserved 1048576K
}
Event: 2.292 GC heap before
{Heap before GC invocations=7 (full 0):
 garbage-first heap   total 52224K, used 34759K [0x0000000081400000, 0x0000000100000000)
  region size 1024K, 24 young (24576K), 3 survivors (3072K)
 Metaspace       used 26653K, committed 27008K, reserved 1073152K
  class space    used 3161K, committed 3328K, reserved 1048576K
}
Event: 2.295 GC heap after
{Heap after GC invocations=8 (full 0):
 garbage-first heap   total 63488K, used 14289K [0x0000000081400000, 0x0000000100000000)
  region size 1024K, 1 young (1024K), 1 survivors (1024K)
 Metaspace       used 26653K, committed 27008K, reserved 1073152K
  class space    used 3161K, committed 3328K, reserved 1048576K
}
Event: 2.796 GC heap before
{Heap before GC invocations=8 (full 0):
 garbage-first heap   total 63488K, used 47057K [0x0000000081400000, 0x0000000100000000)
  region size 1024K, 34 young (34816K), 1 survivors (1024K)
 Metaspace       used 28967K, committed 29312K, reserved 1081344K
  class space    used 3507K, committed 3648K, reserved 1048576K
}
Event: 2.799 GC heap after
{Heap after GC invocations=9 (full 0):
 garbage-first heap   total 63488K, used 15753K [0x0000000081400000, 0x0000000100000000)
  region size 1024K, 3 young (3072K), 3 survivors (3072K)
 Metaspace       used 28967K, committed 29312K, reserved 1081344K
  class space    used 3507K, committed 3648K, reserved 1048576K
}
Event: 3.513 GC heap before
{Heap before GC invocations=9 (full 0):
 garbage-first heap   total 63488K, used 46473K [0x0000000081400000, 0x0000000100000000)
  region size 1024K, 34 young (34816K), 3 survivors (3072K)
 Metaspace       used 32823K, committed 33216K, reserved 1081344K
  class space    used 4098K, committed 4288K, reserved 1048576K
}
Event: 3.518 GC heap after
{Heap after GC invocations=10 (full 0):
 garbage-first heap   total 63488K, used 18163K [0x0000000081400000, 0x0000000100000000)
  region size 1024K, 5 young (5120K), 5 survivors (5120K)
 Metaspace       used 32823K, committed 33216K, reserved 1081344K
  class space    used 4098K, committed 4288K, reserved 1048576K
}
Event: 3.861 GC heap before
{Heap before GC invocations=10 (full 0):
 garbage-first heap   total 63488K, used 32499K [0x0000000081400000, 0x0000000100000000)
  region size 1024K, 21 young (21504K), 5 survivors (5120K)
 Metaspace       used 35617K, committed 35968K, reserved 1081344K
  class space    used 4488K, committed 4672K, reserved 1048576K
}
Event: 3.868 GC heap after
{Heap after GC invocations=11 (full 0):
 garbage-first heap   total 63488K, used 19945K [0x0000000081400000, 0x0000000100000000)
  region size 1024K, 5 young (5120K), 5 survivors (5120K)
 Metaspace       used 35617K, committed 35968K, reserved 1081344K
  class space    used 4488K, committed 4672K, reserved 1048576K
}
Event: 3.886 GC heap before
{Heap before GC invocations=11 (full 0):
 garbage-first heap   total 63488K, used 46569K [0x0000000081400000, 0x0000000100000000)
  region size 1024K, 32 young (32768K), 5 survivors (5120K)
 Metaspace       used 35641K, committed 36032K, reserved 1081344K
  class space    used 4491K, committed 4672K, reserved 1048576K
}
Event: 3.891 GC heap after
{Heap after GC invocations=12 (full 0):
 garbage-first heap   total 63488K, used 20142K [0x0000000081400000, 0x0000000100000000)
  region size 1024K, 2 young (2048K), 2 survivors (2048K)
 Metaspace       used 35641K, committed 36032K, reserved 1081344K
  class space    used 4491K, committed 4672K, reserved 1048576K
}
Event: 3.984 GC heap before
{Heap before GC invocations=13 (full 0):
 garbage-first heap   total 63488K, used 47790K [0x0000000081400000, 0x0000000100000000)
  region size 1024K, 30 young (30720K), 2 survivors (2048K)
 Metaspace       used 36036K, committed 36416K, reserved 1081344K
  class space    used 4532K, committed 4736K, reserved 1048576K
}
Event: 3.987 GC heap after
{Heap after GC invocations=14 (full 0):
 garbage-first heap   total 63488K, used 20489K [0x0000000081400000, 0x0000000100000000)
  region size 1024K, 3 young (3072K), 3 survivors (3072K)
 Metaspace       used 36036K, committed 36416K, reserved 1081344K
  class space    used 4532K, committed 4736K, reserved 1048576K
}
Event: 3.991 GC heap before
{Heap before GC invocations=14 (full 0):
 garbage-first heap   total 63488K, used 48137K [0x0000000081400000, 0x0000000100000000)
  region size 1024K, 31 young (31744K), 3 survivors (3072K)
 Metaspace       used 36036K, committed 36416K, reserved 1081344K
  class space    used 4532K, committed 4736K, reserved 1048576K
}
Event: 3.993 GC heap after
{Heap after GC invocations=15 (full 0):
 garbage-first heap   total 63488K, used 20412K [0x0000000081400000, 0x0000000100000000)
  region size 1024K, 3 young (3072K), 3 survivors (3072K)
 Metaspace       used 36036K, committed 36416K, reserved 1081344K
  class space    used 4532K, committed 4736K, reserved 1048576K
}
Event: 4.393 GC heap before
{Heap before GC invocations=15 (full 0):
 garbage-first heap   total 63488K, used 49084K [0x0000000081400000, 0x0000000100000000)
  region size 1024K, 32 young (32768K), 3 survivors (3072K)
 Metaspace       used 38563K, committed 38976K, reserved 1089536K
  class space    used 4878K, committed 5056K, reserved 1048576K
}
Event: 4.398 GC heap after
{Heap after GC invocations=16 (full 0):
 garbage-first heap   total 177152K, used 21334K [0x0000000081400000, 0x0000000100000000)
  region size 1024K, 2 young (2048K), 2 survivors (2048K)
 Metaspace       used 38563K, committed 38976K, reserved 1089536K
  class space    used 4878K, committed 5056K, reserved 1048576K
}

